<?xml version="1.0" encoding="UTF-8"?>
<!-- Generated by org.testng.reporters.JUnitReportReporter -->
<testsuite hostname="MSI" failures="0" tests="3" name="testPackage.VerifyOrangeTestClass3_Log4j2" time="76.423" errors="0" timestamp="2024-02-15T00:43:21 IST" skipped="0">
  <testcase classname="testPackage.VerifyOrangeTestClass3_Log4j2" name="VerifyAdminOption" time="30.891">
    <system-out>
      <![CDATA[Tc is passed]]>
    </system-out>
  </testcase> <!-- VerifyAdminOption -->
  <testcase classname="testPackage.VerifyOrangeTestClass3_Log4j2" name="VerifyAccountOptionDropDown" time="21.321">
    <system-out>
      <![CDATA[Tc is passed]]>
    </system-out>
  </testcase> <!-- VerifyAccountOptionDropDown -->
  <testcase classname="testPackage.VerifyOrangeTestClass3_Log4j2" name="verifyEmployeeTableDATA" time="24.211">
    <system-out>
      <![CDATA[Tc is passed]]>
    </system-out>
  </testcase> <!-- verifyEmployeeTableDATA -->
  <system-out>
    <![CDATA[Tc is passed
Tc is passed
Tc is passed]]>
  </system-out>
</testsuite> <!-- testPackage.VerifyOrangeTestClass3_Log4j2 -->
