<?xml version="1.0" encoding="UTF-8"?>
<!-- Generated by org.testng.reporters.JUnitReportReporter -->
<testsuite hostname="MSI" failures="0" tests="3" name="testPackage.VerifyOrangeTestClass2_Log4j" time="74.725" errors="0" timestamp="2024-01-31T00:26:34 IST" skipped="0">
  <testcase classname="testPackage.VerifyOrangeTestClass2_Log4j" name="verifyAdminOption" time="22.481"/>
  <testcase classname="testPackage.VerifyOrangeTestClass2_Log4j" name="verifyAboutOption" time="22.398"/>
  <testcase classname="testPackage.VerifyOrangeTestClass2_Log4j" name="verifyEmployeeTableData" time="29.846"/>
</testsuite> <!-- testPackage.VerifyOrangeTestClass2_Log4j -->
