<?xml version="1.0" encoding="UTF-8"?>
<!-- Generated by org.testng.reporters.JUnitReportReporter -->
<testsuite hostname="MSI" failures="0" tests="3" name="testPackage.VerifyOrangeTestClass2_Log4j" time="65.312" errors="0" timestamp="2024-02-14T19:07:43 IST" skipped="0">
  <testcase classname="testPackage.VerifyOrangeTestClass2_Log4j" name="verifyAdminOption" time="17.956"/>
  <testcase classname="testPackage.VerifyOrangeTestClass2_Log4j" name="verifyAboutOption" time="21.784"/>
  <testcase classname="testPackage.VerifyOrangeTestClass2_Log4j" name="verifyEmployeeTableData" time="25.572"/>
</testsuite> <!-- testPackage.VerifyOrangeTestClass2_Log4j -->
