<?xml version="1.0" encoding="UTF-8"?>
<!-- Generated by org.testng.reporters.JUnitReportReporter -->
<testsuite hostname="MSI" failures="0" tests="3" name="testPackage.VerifyOrangeTestClass1" time="92.221" errors="0" timestamp="2024-01-31T22:22:49 IST" skipped="0">
  <testcase classname="testPackage.VerifyOrangeTestClass1" name="verifyAdminOption" time="17.422"/>
  <testcase classname="testPackage.VerifyOrangeTestClass1" name="verifyAboutOption" time="21.917"/>
  <testcase classname="testPackage.VerifyOrangeTestClass1" name="verifyEmployeeTableData" time="52.882"/>
</testsuite> <!-- testPackage.VerifyOrangeTestClass1 -->
